#
# A fatal error has been detected by the Java Runtime Environment:
#
#  EXCEPTION_ACCESS_VIOLATION (0xc0000005) at pc=0x690a905b, pid=6384, tid=6656
#
# JRE version: 6.0_29-b11
# Java VM: Java HotSpot(TM) Client VM (20.4-b02 mixed mode, sharing windows-x86 )
# Problematic frame:
# C  [gdx.dll+0x2905b]
#
# If you would like to submit a bug report, please visit:
#   http://java.sun.com/webapps/bugreport/crash.jsp
# The crash happened outside the Java Virtual Machine in native code.
# See problematic frame for where to report the bug.
#

---------------  T H R E A D  ---------------

Current thread (0x03ee1400):  JavaThread "LWJGL Application" [_thread_in_native, id=6656, stack(0x04580000,0x045d0000)]

siginfo: ExceptionCode=0xc0000005, reading address 0x3228d66c

Registers:
EAX=0x00000000, EBX=0x3228d66c, ECX=0x3228d66c, EDX=0x00000000
ESP=0x045cfa9c, EBP=0x045cfaf8, ESI=0x001fe910, EDI=0x690a9050
EIP=0x690a905b, EFLAGS=0x00010246

Top of Stack: (sp=0x045cfa9c)
0x045cfa9c:   690a9ea4 3228d66c 019a9fec 00000005
0x045cfaac:   00000004 0000000a 019a9f8c 00000004
0x045cfabc:   00000002 00000004 019a8748 019e1780
0x045cfacc:   063f0048 019a8748 019a8b34 01add319
0x045cfadc:   045cfb5c 0014aad5 03ee1400 045cfb0c
0x045cfaec:   33d69ba8 33d69ba8 03ee1400 045cfb18
0x045cfafc:   690a2287 001fe910 00000089 00000058
0x045cfb0c:   045cfb60 01aa9ec7 00ee1400 045cfb60 

Instructions: (pc=0x690a905b)
0x690a903b:   8a 11 8a 41 02 c1 e2 10 09 d0 31 d2 8a 51 01 c1
0x690a904b:   e2 08 09 d0 c3 55 31 d2 89 e5 31 c0 8b 4d 08 5d
0x690a905b:   8a 11 8a 41 03 c1 e2 18 09 d0 31 d2 8a 51 01 c1
0x690a906b:   e2 10 09 d0 31 d2 8a 51 02 c1 e2 08 09 d0 c3 8d 


Register to memory mapping:

EAX=0x00000000 is an unknown value
EBX=0x3228d66c is an unallocated location in the heap
ECX=0x3228d66c is an unallocated location in the heap
EDX=0x00000000 is an unknown value
ESP=0x045cfa9c is pointing into the stack for thread: 0x03ee1400
EBP=0x045cfaf8 is pointing into the stack for thread: 0x03ee1400
ESI=0x001fe910 is an unknown value
EDI=0x690a9050 is an unknown value


Stack: [0x04580000,0x045d0000],  sp=0x045cfa9c,  free space=318k
Native frames: (J=compiled Java code, j=interpreted, Vv=VM code, C=native code)
C  [gdx.dll+0x2905b]  Java_com_badlogic_gdx_utils_BufferUtils_clear+0x13fb
C  [gdx.dll+0x22287]  Java_com_badlogic_gdx_graphics_g2d_Gdx2DPixmap_getPixel+0x17
j  com.badlogic.gdx.graphics.g2d.Gdx2DPixmap.getPixel(JII)I+0
j  com.badlogic.gdx.graphics.g2d.Gdx2DPixmap.getPixel(II)I+6
j  com.badlogic.gdx.graphics.Pixmap.getPixel(II)I+6
j  com.jakemadethis.pinball.game.GameView.render()V+424
j  com.jakemadethis.pinball.game.GameController.run()V+119
j  com.jakemadethis.pinball.game.GameState.run()V+4
j  com.jakemadethis.pinball.game.Pinball.render()V+11
j  com.badlogic.gdx.backends.lwjgl.LwjglApplication.mainLoop()V+461
j  com.badlogic.gdx.backends.lwjgl.LwjglApplication$1.run()V+27
v  ~StubRoutines::call_stub
V  [jvm.dll+0xfac3b]
V  [jvm.dll+0x18c391]
V  [jvm.dll+0xfade1]
V  [jvm.dll+0xfae3b]
V  [jvm.dll+0xb5569]
V  [jvm.dll+0x118f14]
V  [jvm.dll+0x140fec]
C  [msvcr71.dll+0x9565]  endthreadex+0xa0
C  [kernel32.dll+0x4ed6c]  BaseThreadInitThunk+0x12
C  [ntdll.dll+0x6377b]  RtlInitializeExceptionChain+0xef
C  [ntdll.dll+0x6374e]  RtlInitializeExceptionChain+0xc2

Java frames: (J=compiled Java code, j=interpreted, Vv=VM code)
j  com.badlogic.gdx.graphics.g2d.Gdx2DPixmap.getPixel(JII)I+0
j  com.badlogic.gdx.graphics.g2d.Gdx2DPixmap.getPixel(II)I+6
j  com.badlogic.gdx.graphics.Pixmap.getPixel(II)I+6
j  com.jakemadethis.pinball.game.GameView.render()V+424
j  com.jakemadethis.pinball.game.GameController.run()V+119
j  com.jakemadethis.pinball.game.GameState.run()V+4
j  com.jakemadethis.pinball.game.Pinball.render()V+11
j  com.badlogic.gdx.backends.lwjgl.LwjglApplication.mainLoop()V+461
j  com.badlogic.gdx.backends.lwjgl.LwjglApplication$1.run()V+27
v  ~StubRoutines::call_stub

---------------  P R O C E S S  ---------------

Java Threads: ( => current thread )
  0x01a9a000 JavaThread "DestroyJavaVM" [_thread_blocked, id=7796, stack(0x00360000,0x003b0000)]
=>0x03ee1400 JavaThread "LWJGL Application" [_thread_in_native, id=6656, stack(0x04580000,0x045d0000)]
  0x019c5000 JavaThread "Low Memory Detector" daemon [_thread_blocked, id=5544, stack(0x03db0000,0x03e00000)]
  0x019b1c00 JavaThread "C1 CompilerThread0" daemon [_thread_blocked, id=3724, stack(0x03d60000,0x03db0000)]
  0x019a7000 JavaThread "Attach Listener" daemon [_thread_blocked, id=8072, stack(0x03d10000,0x03d60000)]
  0x019a6000 JavaThread "Signal Dispatcher" daemon [_thread_blocked, id=1020, stack(0x03cc0000,0x03d10000)]
  0x0199b800 JavaThread "Finalizer" daemon [_thread_blocked, id=6204, stack(0x03c70000,0x03cc0000)]
  0x0199a000 JavaThread "Reference Handler" daemon [_thread_blocked, id=7768, stack(0x03c20000,0x03c70000)]

Other Threads:
  0x0195d800 VMThread [stack: 0x03bd0000,0x03c20000] [id=7252]
  0x019d0000 WatcherThread [stack: 0x03e00000,0x03e50000] [id=3344]

VM state:not at safepoint (normal execution)

VM Mutex/Monitor currently owned by a thread: None

Heap
 def new generation   total 4928K, used 3081K [0x23b70000, 0x240c0000, 0x290c0000)
  eden space 4416K,  61% used [0x23b70000, 0x23e161c8, 0x23fc0000)
  from space 512K,  72% used [0x23fc0000, 0x2401c2b0, 0x24040000)
  to   space 512K,   0% used [0x24040000, 0x24040000, 0x240c0000)
 tenured generation   total 10944K, used 372K [0x290c0000, 0x29b70000, 0x33b70000)
   the space 10944K,   3% used [0x290c0000, 0x2911d338, 0x2911d400, 0x29b70000)
 compacting perm gen  total 12288K, used 3500K [0x33b70000, 0x34770000, 0x37b70000)
   the space 12288K,  28% used [0x33b70000, 0x33edb1b0, 0x33edb200, 0x34770000)
    ro space 10240K,  51% used [0x37b70000, 0x3809d0b8, 0x3809d200, 0x38570000)
    rw space 12288K,  54% used [0x38570000, 0x38c09570, 0x38c09600, 0x39170000)

Code Cache  [0x01aa0000, 0x01b68000, 0x03aa0000)
 total_blobs=434 nmethods=171 adapters=199 free_code_cache=32752832 largest_free_block=0

Dynamic libraries:
0x00400000 - 0x00424000 	C:\Program Files\Java\jre6\bin\javaw.exe
0x77620000 - 0x7775c000 	C:\Windows\SYSTEM32\ntdll.dll
0x771e0000 - 0x772b4000 	C:\Windows\system32\kernel32.dll
0x75910000 - 0x7595a000 	C:\Windows\system32\KERNELBASE.dll
0x77430000 - 0x774d0000 	C:\Windows\system32\ADVAPI32.dll
0x761a0000 - 0x7624c000 	C:\Windows\system32\msvcrt.dll
0x75c30000 - 0x75c49000 	C:\Windows\SYSTEM32\sechost.dll
0x777a0000 - 0x77841000 	C:\Windows\system32\RPCRT4.dll
0x75e70000 - 0x75f39000 	C:\Windows\system32\USER32.dll
0x773a0000 - 0x773ee000 	C:\Windows\system32\GDI32.dll
0x772c0000 - 0x772ca000 	C:\Windows\system32\LPK.dll
0x75dd0000 - 0x75e6d000 	C:\Windows\system32\USP10.dll
0x77780000 - 0x7779f000 	C:\Windows\system32\IMM32.DLL
0x772d0000 - 0x7739c000 	C:\Windows\system32\MSCTF.dll
0x7c340000 - 0x7c396000 	C:\Program Files\Java\jre6\bin\msvcr71.dll
0x6d7f0000 - 0x6da9f000 	C:\Program Files\Java\jre6\bin\client\jvm.dll
0x73810000 - 0x73842000 	C:\Windows\system32\WINMM.dll
0x756a0000 - 0x756ec000 	C:\Windows\system32\apphelp.dll
0x6d7a0000 - 0x6d7ac000 	C:\Program Files\Java\jre6\bin\verify.dll
0x6d320000 - 0x6d33f000 	C:\Program Files\Java\jre6\bin\java.dll
0x6d7e0000 - 0x6d7ef000 	C:\Program Files\Java\jre6\bin\zip.dll
0x69080000 - 0x690e3000 	C:\Users\Jake\AppData\Local\Temp\libgdx\3527039061\gdx.dll
0x10000000 - 0x10073000 	C:\Users\Jake\AppData\Local\Temp\libgdx\3527039061\lwjgl.dll
0x74610000 - 0x747ae000 	C:\Windows\WinSxS\x86_microsoft.windows.common-controls_6595b64144ccf1df_6.0.7601.17514_none_41e6975e2bd6f2b2\COMCTL32.dll
0x75bd0000 - 0x75c27000 	C:\Windows\system32\SHLWAPI.dll
0x73c60000 - 0x73d28000 	C:\Windows\system32\OPENGL32.dll
0x73dd0000 - 0x73df2000 	C:\Windows\system32\GLU32.dll
0x72e10000 - 0x72ef7000 	C:\Windows\system32\DDRAW.dll
0x72190000 - 0x72196000 	C:\Windows\system32\DCIMAN32.dll
0x75fa0000 - 0x7613d000 	C:\Windows\system32\SETUPAPI.dll
0x75980000 - 0x759a7000 	C:\Windows\system32\CFGMGR32.dll
0x77590000 - 0x7761f000 	C:\Windows\system32\OLEAUT32.dll
0x75a70000 - 0x75bcc000 	C:\Windows\system32\ole32.dll
0x75960000 - 0x75972000 	C:\Windows\system32\DEVOBJ.dll
0x73f30000 - 0x73f43000 	C:\Windows\system32\dwmapi.dll
0x74c30000 - 0x74c39000 	C:\Windows\system32\VERSION.dll
0x04120000 - 0x04181000 	C:\Users\Jake\AppData\Local\Temp\libgdx\3527039061\OpenAL32.dll
0x76390000 - 0x76fda000 	C:\Windows\system32\SHELL32.dll
0x756f0000 - 0x756fc000 	C:\Windows\system32\CRYPTBASE.dll
0x74380000 - 0x743c0000 	C:\Windows\system32\uxtheme.dll
0x04200000 - 0x04233000 	C:\Program Files\Ray Adams\ATI Tray Tools\raphook.dll
0x77770000 - 0x77775000 	C:\Windows\system32\PSAPI.DLL
0x6ec10000 - 0x6ecb3000 	C:\Windows\WinSxS\x86_microsoft.vc90.crt_1fc8b3b9a1e18e3b_9.0.30729.6161_none_50934f2ebcb7eb57\MSVCR90.dll
0x774d0000 - 0x77553000 	C:\Windows\system32\CLBCatQ.DLL
0x744d0000 - 0x745c5000 	C:\Windows\System32\PROPSYS.dll
0x759b0000 - 0x759dd000 	C:\Windows\system32\WINTRUST.dll
0x757f0000 - 0x7590d000 	C:\Windows\system32\CRYPT32.dll
0x757e0000 - 0x757ec000 	C:\Windows\system32\MSASN1.dll
0x63c60000 - 0x63cd2000 	C:\Windows\system32\dsound.dll
0x748b0000 - 0x748d5000 	C:\Windows\system32\POWRPROF.dll
0x73f60000 - 0x73f99000 	C:\Windows\System32\MMDevApi.dll
0x73700000 - 0x73736000 	C:\Windows\system32\AUDIOSES.DLL
0x73310000 - 0x73317000 	C:\Windows\system32\atiglpxx.dll
0x04b50000 - 0x05917000 	C:\Windows\system32\atioglxx.dll
0x773f0000 - 0x77425000 	C:\Windows\system32\WS2_32.dll
0x77760000 - 0x77766000 	C:\Windows\system32\NSI.dll
0x73520000 - 0x73527000 	C:\Windows\system32\atigktxx.dll
0x045d0000 - 0x0460a000 	C:\Windows\system32\atiadlxx.dll
0x73120000 - 0x73199000 	C:\Windows\system32\mscms.dll
0x74d90000 - 0x74da7000 	C:\Windows\system32\USERENV.dll
0x75770000 - 0x7577b000 	C:\Windows\system32\profapi.dll
0x63a70000 - 0x63aa8000 	C:\Windows\system32\icm32.dll

VM Arguments:
jvm_args: -Dfile.encoding=Cp1252 
java_command: com.jakemadethis.pinball.game.Program
Launcher Type: SUN_STANDARD

Environment Variables:
JAVA_HOME=C:\Program Files\Java\jdk1.6.0_25
CLASSPATH=.;C:\Program Files\QuickTime\QTSystem\QTJava.zip
PATH=C:/Program Files/Java/jre6/bin/client;C:/Program Files/Java/jre6/bin;C:/Program Files/Java/jre6/lib/i386;C:\Program Files\Haskell\bin;C:\Program Files\Haskell Platform\2011.2.0.1\lib\extralibs\bin;C:\Program Files\Haskell Platform\2011.2.0.1\bin;C:\Program Files\Common Files\Microsoft Shared\Windows Live;C:\Windows\system32;C:\Windows;C:\Windows\System32\Wbem;C:\Windows\System32\WindowsPowerShell\v1.0\;C:\Program Files\Broadcom\Broadcom 802.11 Network Adapter\Driver;C:\Program Files\ATI Technologies\ATI.ACE\Core-Static;C:\Program Files\QuickTime\QTSystem\;C:\Program Files\Toshiba\Bluetooth Toshiba Stack\sys\;C:\Program Files\TortoiseSVN\bin;C:\Python27;C:\MinGW\bin;C:\Program Files\Groovy\Groovy-1.8.5\bin;C:\Users\Jake\AppData\Roaming\cabal\bin;C:\Program Files\Common Files\Microsoft Shared\Windows Live;C:\Program Files\Nmap;C:\Program Files\eclipse;
USERNAME=Jake
OS=Windows_NT
PROCESSOR_IDENTIFIER=x86 Family 6 Model 37 Stepping 5, GenuineIntel



---------------  S Y S T E M  ---------------

OS: Windows 7 Build 7601 Service Pack 1

CPU:total 4 (2 cores per cpu, 2 threads per core) family 6 model 37 stepping 5, cmov, cx8, fxsr, mmx, sse, sse2, sse3, ssse3, sse4.1, sse4.2, popcnt, ht

Memory: 4k page, physical 3136360k(857904k free), swap 6270964k(2335032k free)

vm_info: Java HotSpot(TM) Client VM (20.4-b02) for windows-x86 JRE (1.6.0_29-b11), built on Oct  3 2011 01:01:08 by "java_re" with MS VC++ 7.1 (VS2003)

time: Mon Mar 19 19:55:49 2012
elapsed time: 2 seconds

