#
# A fatal error has been detected by the Java Runtime Environment:
#
#  EXCEPTION_ACCESS_VIOLATION (0xc0000005) at pc=0x690a9007, pid=5164, tid=6284
#
# JRE version: 6.0_29-b11
# Java VM: Java HotSpot(TM) Client VM (20.4-b02 mixed mode, sharing windows-x86 )
# Problematic frame:
# C  [gdx.dll+0x29007]
#
# If you would like to submit a bug report, please visit:
#   http://java.sun.com/webapps/bugreport/crash.jsp
# The crash happened outside the Java Virtual Machine in native code.
# See problematic frame for where to report the bug.
#

---------------  T H R E A D  ---------------

Current thread (0x03f1d400):  JavaThread "LWJGL Application" [_thread_in_native, id=6284, stack(0x04430000,0x04480000)]

siginfo: ExceptionCode=0xc0000005, reading address 0x00000063

Registers:
EAX=0x00000063, EBX=0x00000063, ECX=0x00700072, EDX=0x00000000
ESP=0x0447f88c, EBP=0x0447f8e8, ESI=0x005fe910, EDI=0x690a9000
EIP=0x690a9007, EFLAGS=0x00010206

Top of Stack: (sp=0x0447f88c)
0x0447f88c:   690a9ea4 00000063 33d50fb0 050fc3c5
0x0447f89c:   067b0048 00000000 10007f79 00000000
0x0447f8ac:   01b79fc7 03f1d528 0447f8f8 00000000
0x0447f8bc:   00000063 01b7a276 0447f920 050f7d61
0x0447f8cc:   067b0048 0447f8d0 00000000 0447f908
0x0447f8dc:   33d69ba8 33d69ba8 03f1d400 0447f908
0x0447f8ec:   690a2287 005fe910 00000000 00000000
0x0447f8fc:   01b782e9 05a0f340 00000000 0447f94c 

Instructions: (pc=0x690a9007)
0x690a8fe7:   55 0c 66 89 10 5d c3 66 90 55 89 e5 8b 45 08 8b
0x690a8ff7:   55 0c 66 89 10 5d c3 66 90 55 89 e5 8b 45 08 5d
0x690a9007:   8a 00 25 ff 00 00 00 c3 90 55 31 c0 89 e5 8b 55
0x690a9017:   08 5d 8a 42 01 8a 12 81 e2 ff 00 00 00 c1 e2 08 


Register to memory mapping:

EAX=0x00000063 is an unknown value
EBX=0x00000063 is an unknown value
ECX=0x00700072 is an unknown value
EDX=0x00000000 is an unknown value
ESP=0x0447f88c is pointing into the stack for thread: 0x03f1d400
EBP=0x0447f8e8 is pointing into the stack for thread: 0x03f1d400
ESI=0x005fe910 is an unknown value
EDI=0x690a9000 is an unknown value


Stack: [0x04430000,0x04480000],  sp=0x0447f88c,  free space=318k
Native frames: (J=compiled Java code, j=interpreted, Vv=VM code, C=native code)
C  [gdx.dll+0x29007]  Java_com_badlogic_gdx_utils_BufferUtils_clear+0x13a7
C  [gdx.dll+0x22287]  Java_com_badlogic_gdx_graphics_g2d_Gdx2DPixmap_getPixel+0x17
j  com.badlogic.gdx.graphics.g2d.Gdx2DPixmap.getPixel(JII)I+0
j  com.badlogic.gdx.graphics.g2d.Gdx2DPixmap.getPixel(II)I+6
j  com.badlogic.gdx.graphics.Pixmap.getPixel(II)I+6
j  com.jakemadethis.pinball.game.GameView.render()V+410
j  com.jakemadethis.pinball.game.GameController.run()V+119
j  com.jakemadethis.pinball.game.GameState.run()V+4
j  com.jakemadethis.pinball.game.Pinball.render()V+11
j  com.badlogic.gdx.backends.lwjgl.LwjglApplication.mainLoop()V+461
j  com.badlogic.gdx.backends.lwjgl.LwjglApplication$1.run()V+27
v  ~StubRoutines::call_stub
V  [jvm.dll+0xfac3b]
V  [jvm.dll+0x18c391]
V  [jvm.dll+0xfade1]
V  [jvm.dll+0xfae3b]
V  [jvm.dll+0xb5569]
V  [jvm.dll+0x118f14]
V  [jvm.dll+0x140fec]
C  [msvcr71.dll+0x9565]  endthreadex+0xa0
C  [kernel32.dll+0x4ed6c]  BaseThreadInitThunk+0x12
C  [ntdll.dll+0x6377b]  RtlInitializeExceptionChain+0xef
C  [ntdll.dll+0x6374e]  RtlInitializeExceptionChain+0xc2

Java frames: (J=compiled Java code, j=interpreted, Vv=VM code)
j  com.badlogic.gdx.graphics.g2d.Gdx2DPixmap.getPixel(JII)I+0
j  com.badlogic.gdx.graphics.g2d.Gdx2DPixmap.getPixel(II)I+6
j  com.badlogic.gdx.graphics.Pixmap.getPixel(II)I+6
j  com.jakemadethis.pinball.game.GameView.render()V+410
j  com.jakemadethis.pinball.game.GameController.run()V+119
j  com.jakemadethis.pinball.game.GameState.run()V+4
j  com.jakemadethis.pinball.game.Pinball.render()V+11
j  com.badlogic.gdx.backends.lwjgl.LwjglApplication.mainLoop()V+461
j  com.badlogic.gdx.backends.lwjgl.LwjglApplication$1.run()V+27
v  ~StubRoutines::call_stub

---------------  P R O C E S S  ---------------

Java Threads: ( => current thread )
  0x003da000 JavaThread "DestroyJavaVM" [_thread_blocked, id=5812, stack(0x00340000,0x00390000)]
=>0x03f1d400 JavaThread "LWJGL Application" [_thread_in_native, id=6284, stack(0x04430000,0x04480000)]
  0x01aff400 JavaThread "Low Memory Detector" daemon [_thread_blocked, id=5380, stack(0x03e00000,0x03e50000)]
  0x01afa000 JavaThread "C1 CompilerThread0" daemon [_thread_blocked, id=4660, stack(0x03db0000,0x03e00000)]
  0x01af9000 JavaThread "Attach Listener" daemon [_thread_blocked, id=6960, stack(0x03d60000,0x03db0000)]
  0x01af8000 JavaThread "Signal Dispatcher" daemon [_thread_blocked, id=6340, stack(0x03d10000,0x03d60000)]
  0x01aeb800 JavaThread "Finalizer" daemon [_thread_blocked, id=6904, stack(0x03cc0000,0x03d10000)]
  0x01aea000 JavaThread "Reference Handler" daemon [_thread_blocked, id=6336, stack(0x03c70000,0x03cc0000)]

Other Threads:
  0x01aad800 VMThread [stack: 0x03c20000,0x03c70000] [id=4948]
  0x01b10800 WatcherThread [stack: 0x03e50000,0x03ea0000] [id=3092]

VM state:not at safepoint (normal execution)

VM Mutex/Monitor currently owned by a thread: None

Heap
 def new generation   total 4928K, used 3064K [0x23b70000, 0x240c0000, 0x290c0000)
  eden space 4416K,  61% used [0x23b70000, 0x23e12ef0, 0x23fc0000)
  from space 512K,  71% used [0x23fc0000, 0x2401b478, 0x24040000)
  to   space 512K,   0% used [0x24040000, 0x24040000, 0x240c0000)
 tenured generation   total 10944K, used 372K [0x290c0000, 0x29b70000, 0x33b70000)
   the space 10944K,   3% used [0x290c0000, 0x2911d3d8, 0x2911d400, 0x29b70000)
 compacting perm gen  total 12288K, used 3501K [0x33b70000, 0x34770000, 0x37b70000)
   the space 12288K,  28% used [0x33b70000, 0x33edb508, 0x33edb600, 0x34770000)
    ro space 10240K,  51% used [0x37b70000, 0x3809d0b8, 0x3809d200, 0x38570000)
    rw space 12288K,  54% used [0x38570000, 0x38c09570, 0x38c09600, 0x39170000)

Code Cache  [0x01b70000, 0x01c38000, 0x03b70000)
 total_blobs=437 nmethods=174 adapters=199 free_code_cache=32751296 largest_free_block=0

Dynamic libraries:
0x00400000 - 0x00424000 	C:\Program Files\Java\jre6\bin\javaw.exe
0x77620000 - 0x7775c000 	C:\Windows\SYSTEM32\ntdll.dll
0x771e0000 - 0x772b4000 	C:\Windows\system32\kernel32.dll
0x75910000 - 0x7595a000 	C:\Windows\system32\KERNELBASE.dll
0x77430000 - 0x774d0000 	C:\Windows\system32\ADVAPI32.dll
0x761a0000 - 0x7624c000 	C:\Windows\system32\msvcrt.dll
0x75c30000 - 0x75c49000 	C:\Windows\SYSTEM32\sechost.dll
0x777a0000 - 0x77841000 	C:\Windows\system32\RPCRT4.dll
0x75e70000 - 0x75f39000 	C:\Windows\system32\USER32.dll
0x773a0000 - 0x773ee000 	C:\Windows\system32\GDI32.dll
0x772c0000 - 0x772ca000 	C:\Windows\system32\LPK.dll
0x75dd0000 - 0x75e6d000 	C:\Windows\system32\USP10.dll
0x77780000 - 0x7779f000 	C:\Windows\system32\IMM32.DLL
0x772d0000 - 0x7739c000 	C:\Windows\system32\MSCTF.dll
0x7c340000 - 0x7c396000 	C:\Program Files\Java\jre6\bin\msvcr71.dll
0x6d7f0000 - 0x6da9f000 	C:\Program Files\Java\jre6\bin\client\jvm.dll
0x73810000 - 0x73842000 	C:\Windows\system32\WINMM.dll
0x756a0000 - 0x756ec000 	C:\Windows\system32\apphelp.dll
0x6d7a0000 - 0x6d7ac000 	C:\Program Files\Java\jre6\bin\verify.dll
0x6d320000 - 0x6d33f000 	C:\Program Files\Java\jre6\bin\java.dll
0x6d7e0000 - 0x6d7ef000 	C:\Program Files\Java\jre6\bin\zip.dll
0x69080000 - 0x690e3000 	C:\Users\Jake\AppData\Local\Temp\libgdx\3527039061\gdx.dll
0x10000000 - 0x10073000 	C:\Users\Jake\AppData\Local\Temp\libgdx\3527039061\lwjgl.dll
0x74610000 - 0x747ae000 	C:\Windows\WinSxS\x86_microsoft.windows.common-controls_6595b64144ccf1df_6.0.7601.17514_none_41e6975e2bd6f2b2\COMCTL32.dll
0x75bd0000 - 0x75c27000 	C:\Windows\system32\SHLWAPI.dll
0x73c60000 - 0x73d28000 	C:\Windows\system32\OPENGL32.dll
0x73dd0000 - 0x73df2000 	C:\Windows\system32\GLU32.dll
0x72e10000 - 0x72ef7000 	C:\Windows\system32\DDRAW.dll
0x72190000 - 0x72196000 	C:\Windows\system32\DCIMAN32.dll
0x75fa0000 - 0x7613d000 	C:\Windows\system32\SETUPAPI.dll
0x75980000 - 0x759a7000 	C:\Windows\system32\CFGMGR32.dll
0x77590000 - 0x7761f000 	C:\Windows\system32\OLEAUT32.dll
0x75a70000 - 0x75bcc000 	C:\Windows\system32\ole32.dll
0x75960000 - 0x75972000 	C:\Windows\system32\DEVOBJ.dll
0x73f30000 - 0x73f43000 	C:\Windows\system32\dwmapi.dll
0x74c30000 - 0x74c39000 	C:\Windows\system32\VERSION.dll
0x040a0000 - 0x04101000 	C:\Users\Jake\AppData\Local\Temp\libgdx\3527039061\OpenAL32.dll
0x76390000 - 0x76fda000 	C:\Windows\system32\SHELL32.dll
0x756f0000 - 0x756fc000 	C:\Windows\system32\CRYPTBASE.dll
0x74380000 - 0x743c0000 	C:\Windows\system32\uxtheme.dll
0x04380000 - 0x043b3000 	C:\Program Files\Ray Adams\ATI Tray Tools\raphook.dll
0x77770000 - 0x77775000 	C:\Windows\system32\PSAPI.DLL
0x6ec10000 - 0x6ecb3000 	C:\Windows\WinSxS\x86_microsoft.vc90.crt_1fc8b3b9a1e18e3b_9.0.30729.6161_none_50934f2ebcb7eb57\MSVCR90.dll
0x774d0000 - 0x77553000 	C:\Windows\system32\CLBCatQ.DLL
0x744d0000 - 0x745c5000 	C:\Windows\System32\PROPSYS.dll
0x759b0000 - 0x759dd000 	C:\Windows\system32\WINTRUST.dll
0x757f0000 - 0x7590d000 	C:\Windows\system32\CRYPT32.dll
0x757e0000 - 0x757ec000 	C:\Windows\system32\MSASN1.dll
0x63c60000 - 0x63cd2000 	C:\Windows\system32\dsound.dll
0x748b0000 - 0x748d5000 	C:\Windows\system32\POWRPROF.dll
0x73f60000 - 0x73f99000 	C:\Windows\System32\MMDevApi.dll
0x73700000 - 0x73736000 	C:\Windows\system32\AUDIOSES.DLL
0x73520000 - 0x73527000 	C:\Windows\system32\atiglpxx.dll
0x04cd0000 - 0x05a97000 	C:\Windows\system32\atioglxx.dll
0x773f0000 - 0x77425000 	C:\Windows\system32\WS2_32.dll
0x77760000 - 0x77766000 	C:\Windows\system32\NSI.dll
0x73310000 - 0x73317000 	C:\Windows\system32\atigktxx.dll
0x044a0000 - 0x044da000 	C:\Windows\system32\atiadlxx.dll
0x73120000 - 0x73199000 	C:\Windows\system32\mscms.dll
0x74d90000 - 0x74da7000 	C:\Windows\system32\USERENV.dll
0x75770000 - 0x7577b000 	C:\Windows\system32\profapi.dll
0x63a70000 - 0x63aa8000 	C:\Windows\system32\icm32.dll
0x6d000000 - 0x6d14c000 	C:\Program Files\Java\jre6\bin\awt.dll
0x6e3a0000 - 0x6e3f1000 	C:\Windows\system32\WINSPOOL.DRV

VM Arguments:
jvm_args: -Dfile.encoding=Cp1252 
java_command: com.jakemadethis.pinball.game.Program
Launcher Type: SUN_STANDARD

Environment Variables:
JAVA_HOME=C:\Program Files\Java\jdk1.6.0_25
CLASSPATH=.;C:\Program Files\QuickTime\QTSystem\QTJava.zip
PATH=C:/Program Files/Java/jre6/bin/client;C:/Program Files/Java/jre6/bin;C:/Program Files/Java/jre6/lib/i386;C:\Program Files\Haskell\bin;C:\Program Files\Haskell Platform\2011.2.0.1\lib\extralibs\bin;C:\Program Files\Haskell Platform\2011.2.0.1\bin;C:\Program Files\Common Files\Microsoft Shared\Windows Live;C:\Windows\system32;C:\Windows;C:\Windows\System32\Wbem;C:\Windows\System32\WindowsPowerShell\v1.0\;C:\Program Files\Broadcom\Broadcom 802.11 Network Adapter\Driver;C:\Program Files\ATI Technologies\ATI.ACE\Core-Static;C:\Program Files\QuickTime\QTSystem\;C:\Program Files\Toshiba\Bluetooth Toshiba Stack\sys\;C:\Program Files\TortoiseSVN\bin;C:\Python27;C:\MinGW\bin;C:\Program Files\Groovy\Groovy-1.8.5\bin;C:\Users\Jake\AppData\Roaming\cabal\bin;C:\Program Files\Common Files\Microsoft Shared\Windows Live;C:\Program Files\Nmap;C:\Program Files\eclipse;
USERNAME=Jake
OS=Windows_NT
PROCESSOR_IDENTIFIER=x86 Family 6 Model 37 Stepping 5, GenuineIntel



---------------  S Y S T E M  ---------------

OS: Windows 7 Build 7601 Service Pack 1

CPU:total 4 (2 cores per cpu, 2 threads per core) family 6 model 37 stepping 5, cmov, cx8, fxsr, mmx, sse, sse2, sse3, ssse3, sse4.1, sse4.2, popcnt, ht

Memory: 4k page, physical 3136360k(829500k free), swap 6270964k(2312188k free)

vm_info: Java HotSpot(TM) Client VM (20.4-b02) for windows-x86 JRE (1.6.0_29-b11), built on Oct  3 2011 01:01:08 by "java_re" with MS VC++ 7.1 (VS2003)

time: Mon Mar 19 20:10:51 2012
elapsed time: 2 seconds

